[Sun Mar 21 13:47:10 +06 2021] 500 Invalid server URL
\n[Tue Mar 23 9:45:22 +06 2021] 500 Invalid server URL
\n[Wed Mar 24 13:49:10 +06 2021] 500 Invalid server URL
\n[Thu Mar 25 12:15:54 +06 2021] 500 Invalid server URL
\n[Sat Mar 27 11:58:57 +06 2021] 500 Invalid server URL
\n[Mon Mar 29 10:21:33 +06 2021] 500 Invalid server URL
\n[Mon Mar 29 10:25:03 +06 2021] 500 Invalid server URL
\n[Mon Mar 29 10:26:36 +06 2021] 500 Invalid server URL
\n[Mon Mar 29 10:34:23 +06 2021] 500 Invalid server URL
\n[Thu Apr 1 12:44:07 +06 2021] 500 Invalid server URL
\n[Thu Apr 1 12:54:11 +06 2021] 500 Invalid server URL
\n[Fri Apr 2 8:44:12 +06 2021] 500 Invalid server URL
\n[Fri Apr 2 11:40:47 +06 2021] 500 Invalid server URL
\n[Fri Apr 2 11:45:51 +06 2021] 500 Invalid server URL
\n[Sat Apr 3 9:22:17 +06 2021] 500 Invalid server URL
\n[Sat Apr 3 9:40:17 +06 2021] 500 Invalid server URL
\n[Sat Apr 3 11:42:46 +06 2021] 500 Invalid server URL
\n[Sat Apr 3 11:43:26 +06 2021] 500 Invalid server URL
\n[Sat Apr 3 11:46:07 +06 2021] 500 Invalid server URL
\n[Sat Apr 3 11:46:45 +06 2021] 500 Invalid server URL
\n[Sat Apr 3 11:46:52 +06 2021] 500 Invalid server URL
\n[Sat Apr 3 11:48:37 +06 2021] 500 Invalid server URL
\n[Sat Apr 3 11:48:56 +06 2021] 500 Invalid server URL
\n[Sat Apr 3 12:17:07 +06 2021] 500 Invalid server URL
\n[Sun Apr 4 9:38:49 +06 2021] 500 Invalid server URL
\n[Sun Apr 4 11:30:27 +06 2021] 500 Invalid server URL
\n[Sun Apr 4 11:30:28 +06 2021] 500 Invalid server URL
\n[Sun Apr 4 11:31:17 +06 2021] 500 Invalid server URL
\n[Mon Apr 5 9:40:24 +06 2021] 500 Invalid server URL
\n[Mon Apr 5 9:40:34 +06 2021] 500 Invalid server URL
\n[Mon Apr 5 9:40:34 +06 2021] 500 Invalid server URL
\n[Mon Apr 5 9:40:44 +06 2021] 500 Invalid server URL
\n[Wed Apr 7 8:53:35 +06 2021] 500 Invalid server URL
\n[Wed Apr 7 13:46:02 +06 2021] 500 Invalid server URL
\n[Wed Apr 7 13:46:02 +06 2021] 500 Invalid server URL
\n[Sat Apr 10 14:37:52 +06 2021] 500 Invalid server URL
\n[Sat Apr 10 14:39:02 +06 2021] 500 Invalid server URL
\n[Sun Apr 11 8:37:14 +06 2021] 500 Invalid server URL
\n[Mon Apr 12 11:07:32 +06 2021] 500 Invalid server URL
\n[Mon Apr 12 11:07:34 +06 2021] 500 Invalid server URL
\n[Mon Apr 12 11:10:15 +06 2021] 500 Invalid server URL
\n[Thu Apr 15 9:22:51 +06 2021] 500 Invalid server URL
\n[Thu Apr 15 9:43:09 +06 2021] 500 Invalid server URL
\n[Tue Apr 20 10:02:54 +06 2021] 500 Invalid server URL
\n[Thu Dec 16 15:17:57 +06 2021] E1325 Format of the address is invalid.
\n[Thu Dec 16 15:40:39 +06 2021] E1325 Format of the address is invalid.
\n